2025-09-16 16:47:32,569 - src.logger - INFO - Starting Cognitive Learning Assistant...
2025-09-16 16:47:33,530 - src.logger - INFO - Neo4j connection successful
2025-09-16 16:47:33,531 - src.logger - INFO - Neo4j connection established
2025-09-16 16:49:16,050 - src.logger - ERROR - Query execution failed: 
        MATCH (n:NodeLabel.LEVEL)
        WHERE toLower(n.name) CONTAINS toLower($name)
        RET... Error: {code: Neo.ClientError.Statement.SyntaxError} {message: Invalid input '.': expected a parameter, '&', ')', ':', 'WHERE', '{' or '|' (line 2, column 27 (offset: 27))
"        MATCH (n:NodeLabel.LEVEL)"
                           ^}
2025-09-16 16:49:16,050 - src.logger - ERROR - Error searching nodes: {code: Neo.ClientError.Statement.SyntaxError} {message: Invalid input '.': expected a parameter, '&', ')', ':', 'WHERE', '{' or '|' (line 2, column 27 (offset: 27))
"        MATCH (n:NodeLabel.LEVEL)"
                           ^}
2025-09-16 16:49:19,899 - src.logger - ERROR - Query execution failed: 
        MATCH (n:NodeLabel.LEVEL)
        WHERE toLower(n.name) CONTAINS toLower($name)
        RET... Error: {code: Neo.ClientError.Statement.SyntaxError} {message: Invalid input '.': expected a parameter, '&', ')', ':', 'WHERE', '{' or '|' (line 2, column 27 (offset: 27))
"        MATCH (n:NodeLabel.LEVEL)"
                           ^}
2025-09-16 16:49:19,900 - src.logger - ERROR - Error searching nodes: {code: Neo.ClientError.Statement.SyntaxError} {message: Invalid input '.': expected a parameter, '&', ')', ':', 'WHERE', '{' or '|' (line 2, column 27 (offset: 27))
"        MATCH (n:NodeLabel.LEVEL)"
                           ^}
2025-09-16 16:49:41,068 - src.logger - ERROR - Query execution failed: 
        MATCH (n:NodeLabel.TOPIC)
        WHERE toLower(n.name) CONTAINS toLower($name)
        RET... Error: {code: Neo.ClientError.Statement.SyntaxError} {message: Invalid input '.': expected a parameter, '&', ')', ':', 'WHERE', '{' or '|' (line 2, column 27 (offset: 27))
"        MATCH (n:NodeLabel.TOPIC)"
                           ^}
2025-09-16 16:49:41,068 - src.logger - ERROR - Error searching nodes: {code: Neo.ClientError.Statement.SyntaxError} {message: Invalid input '.': expected a parameter, '&', ')', ':', 'WHERE', '{' or '|' (line 2, column 27 (offset: 27))
"        MATCH (n:NodeLabel.TOPIC)"
                           ^}
2025-09-16 16:50:03,168 - src.logger - ERROR - Query execution failed: 
        MATCH (n:NodeLabel.SUBTOPIC)
        WHERE toLower(n.name) CONTAINS toLower($name)
        ... Error: {code: Neo.ClientError.Statement.SyntaxError} {message: Invalid input '.': expected a parameter, '&', ')', ':', 'WHERE', '{' or '|' (line 2, column 27 (offset: 27))
"        MATCH (n:NodeLabel.SUBTOPIC)"
                           ^}
2025-09-16 16:50:03,168 - src.logger - ERROR - Error searching nodes: {code: Neo.ClientError.Statement.SyntaxError} {message: Invalid input '.': expected a parameter, '&', ')', ':', 'WHERE', '{' or '|' (line 2, column 27 (offset: 27))
"        MATCH (n:NodeLabel.SUBTOPIC)"
                           ^}
2025-09-16 16:50:52,232 - src.logger - ERROR - Query execution failed: 
        MATCH (n)-[r:RelationshipType.HAS_SUBTOPIC]-(related)
        WHERE toLower(n.name) CONTAIN... Error: {code: Neo.ClientError.Statement.SyntaxError} {message: Invalid input '.': expected a parameter, '&', '*', ':', 'WHERE', ']', '{' or '|' (line 2, column 38 (offset: 38))
"        MATCH (n)-[r:RelationshipType.HAS_SUBTOPIC]-(related)"
                                      ^}
2025-09-16 16:50:52,232 - src.logger - ERROR - Error getting topic trees: {code: Neo.ClientError.Statement.SyntaxError} {message: Invalid input '.': expected a parameter, '&', '*', ':', 'WHERE', ']', '{' or '|' (line 2, column 38 (offset: 38))
"        MATCH (n)-[r:RelationshipType.HAS_SUBTOPIC]-(related)"
                                      ^}
2025-09-16 16:51:08,041 - src.logger - ERROR - Query execution failed: 
        MATCH (n)-[r:RelationshipType.HAS_SUBTOPIC]-(related)
        WHERE toLower(n.name) CONTAIN... Error: {code: Neo.ClientError.Statement.SyntaxError} {message: Invalid input '.': expected a parameter, '&', '*', ':', 'WHERE', ']', '{' or '|' (line 2, column 38 (offset: 38))
"        MATCH (n)-[r:RelationshipType.HAS_SUBTOPIC]-(related)"
                                      ^}
2025-09-16 16:51:08,041 - src.logger - ERROR - Error getting topic Dynamic: {code: Neo.ClientError.Statement.SyntaxError} {message: Invalid input '.': expected a parameter, '&', '*', ':', 'WHERE', ']', '{' or '|' (line 2, column 38 (offset: 38))
"        MATCH (n)-[r:RelationshipType.HAS_SUBTOPIC]-(related)"
                                      ^}
2025-09-16 16:51:12,244 - src.logger - ERROR - Query execution failed: 
        MATCH (n)-[r:RelationshipType.HAS_SUBTOPIC]-(related)
        WHERE toLower(n.name) CONTAIN... Error: {code: Neo.ClientError.Statement.SyntaxError} {message: Invalid input '.': expected a parameter, '&', '*', ':', 'WHERE', ']', '{' or '|' (line 2, column 38 (offset: 38))
"        MATCH (n)-[r:RelationshipType.HAS_SUBTOPIC]-(related)"
                                      ^}
2025-09-16 16:51:12,244 - src.logger - ERROR - Error getting topic Dynamic: {code: Neo.ClientError.Statement.SyntaxError} {message: Invalid input '.': expected a parameter, '&', '*', ':', 'WHERE', ']', '{' or '|' (line 2, column 38 (offset: 38))
"        MATCH (n)-[r:RelationshipType.HAS_SUBTOPIC]-(related)"
                                      ^}
2025-09-16 16:51:26,154 - src.logger - ERROR - Query execution failed: 
        MATCH (n)-[r:RelationshipType.HAS_SUBTOPIC]-(related)
        WHERE toLower(n.name) CONTAIN... Error: {code: Neo.ClientError.Statement.SyntaxError} {message: Invalid input '.': expected a parameter, '&', '*', ':', 'WHERE', ']', '{' or '|' (line 2, column 38 (offset: 38))
"        MATCH (n)-[r:RelationshipType.HAS_SUBTOPIC]-(related)"
                                      ^}
2025-09-16 16:51:26,154 - src.logger - ERROR - Error getting topic hard: {code: Neo.ClientError.Statement.SyntaxError} {message: Invalid input '.': expected a parameter, '&', '*', ':', 'WHERE', ']', '{' or '|' (line 2, column 38 (offset: 38))
"        MATCH (n)-[r:RelationshipType.HAS_SUBTOPIC]-(related)"
                                      ^}
2025-09-16 16:51:38,222 - src.logger - ERROR - Query execution failed: 
        MATCH (n)-[r:RelationshipType.HAS_SUBTOPIC]-(related)
        WHERE toLower(n.name) CONTAIN... Error: {code: Neo.ClientError.Statement.SyntaxError} {message: Invalid input '.': expected a parameter, '&', '*', ':', 'WHERE', ']', '{' or '|' (line 2, column 38 (offset: 38))
"        MATCH (n)-[r:RelationshipType.HAS_SUBTOPIC]-(related)"
                                      ^}
2025-09-16 16:51:38,222 - src.logger - ERROR - Error getting topic intermediate: {code: Neo.ClientError.Statement.SyntaxError} {message: Invalid input '.': expected a parameter, '&', '*', ':', 'WHERE', ']', '{' or '|' (line 2, column 38 (offset: 38))
"        MATCH (n)-[r:RelationshipType.HAS_SUBTOPIC]-(related)"
                                      ^}
2025-09-16 16:51:57,799 - src.logger - ERROR - Query execution failed: 
        MATCH (n:NodeLabel.TOPIC)
        WHERE toLower(n.name) CONTAINS toLower($name)
        RET... Error: Values of type <class 'fastapi.params.Query'> are not supported
2025-09-16 16:51:57,800 - src.logger - ERROR - Error searching nodes: Values of type <class 'fastapi.params.Query'> are not supported
2025-09-16 16:52:13,172 - src.logger - ERROR - Query execution failed: 
        MATCH (n:NodeLabel.TOPIC)
        WHERE toLower(n.name) CONTAINS toLower($name)
        RET... Error: Values of type <class 'fastapi.params.Query'> are not supported
2025-09-16 16:52:13,173 - src.logger - ERROR - Error searching nodes: Values of type <class 'fastapi.params.Query'> are not supported
2025-09-16 16:52:51,838 - src.logger - ERROR - Query execution failed: 
        MATCH (n)-[r:RelationshipType.USED_WITH]-(related)
        WHERE toLower(n.name) CONTAINS t... Error: {code: Neo.ClientError.Statement.SyntaxError} {message: Invalid input '.': expected a parameter, '&', '*', ':', 'WHERE', ']', '{' or '|' (line 2, column 38 (offset: 38))
"        MATCH (n)-[r:RelationshipType.USED_WITH]-(related)"
                                      ^}
2025-09-16 16:52:51,839 - src.logger - ERROR - Error getting related nodes for binary: {code: Neo.ClientError.Statement.SyntaxError} {message: Invalid input '.': expected a parameter, '&', '*', ':', 'WHERE', ']', '{' or '|' (line 2, column 38 (offset: 38))
"        MATCH (n)-[r:RelationshipType.USED_WITH]-(related)"
                                      ^}
2025-09-16 16:52:59,459 - src.logger - ERROR - Query execution failed: 
        MATCH (n)-[r:RelationshipType.PREREQUISITE_FOR]-(related)
        WHERE toLower(n.name) CON... Error: {code: Neo.ClientError.Statement.SyntaxError} {message: Invalid input '.': expected a parameter, '&', '*', ':', 'WHERE', ']', '{' or '|' (line 2, column 38 (offset: 38))
"        MATCH (n)-[r:RelationshipType.PREREQUISITE_FOR]-(related)"
                                      ^}
2025-09-16 16:52:59,459 - src.logger - ERROR - Error getting related nodes for binary: {code: Neo.ClientError.Statement.SyntaxError} {message: Invalid input '.': expected a parameter, '&', '*', ':', 'WHERE', ']', '{' or '|' (line 2, column 38 (offset: 38))
"        MATCH (n)-[r:RelationshipType.PREREQUISITE_FOR]-(related)"
                                      ^}
2025-09-16 16:53:09,495 - src.logger - ERROR - Query execution failed: 
        MATCH (n)-[r:RelationshipType.EASIER_THAN]-(related)
        WHERE toLower(n.name) CONTAINS... Error: {code: Neo.ClientError.Statement.SyntaxError} {message: Invalid input '.': expected a parameter, '&', '*', ':', 'WHERE', ']', '{' or '|' (line 2, column 38 (offset: 38))
"        MATCH (n)-[r:RelationshipType.EASIER_THAN]-(related)"
                                      ^}
2025-09-16 16:53:09,495 - src.logger - ERROR - Error getting related nodes for binary: {code: Neo.ClientError.Statement.SyntaxError} {message: Invalid input '.': expected a parameter, '&', '*', ':', 'WHERE', ']', '{' or '|' (line 2, column 38 (offset: 38))
"        MATCH (n)-[r:RelationshipType.EASIER_THAN]-(related)"
                                      ^}
2025-09-16 16:53:19,735 - src.logger - ERROR - Query execution failed: 
        MATCH (n)-[r:RelationshipType.EASIER_THAN]-(related)
        WHERE toLower(n.name) CONTAINS... Error: {code: Neo.ClientError.Statement.SyntaxError} {message: Invalid input '.': expected a parameter, '&', '*', ':', 'WHERE', ']', '{' or '|' (line 2, column 38 (offset: 38))
"        MATCH (n)-[r:RelationshipType.EASIER_THAN]-(related)"
                                      ^}
2025-09-16 16:53:19,735 - src.logger - ERROR - Error getting related nodes for arrays: {code: Neo.ClientError.Statement.SyntaxError} {message: Invalid input '.': expected a parameter, '&', '*', ':', 'WHERE', ']', '{' or '|' (line 2, column 38 (offset: 38))
"        MATCH (n)-[r:RelationshipType.EASIER_THAN]-(related)"
                                      ^}
2025-09-16 16:53:41,329 - src.logger - INFO - Neo4j driver closed
2025-09-16 16:53:41,329 - src.logger - INFO - Neo4j connection closed
